<?xml version="1.0" encoding="UTF-8"?>
<testsuite xmlns:xsi="http://www.w3.org/2001/XMLSchema-instance" xsi:noNamespaceSchemaLocation="https://maven.apache.org/surefire/maven-surefire-plugin/xsd/surefire-test-report.xsd" name="com.gupao.springbootdemo.SpringbootDemoApplicationTests" time="2.076" tests="1" errors="0" skipped="0" failures="0">
  <properties>
    <property name="sun.desktop" value="windows"/>
    <property name="awt.toolkit" value="sun.awt.windows.WToolkit"/>
    <property name="java.specification.version" value="11"/>
    <property name="sun.cpu.isalist" value="amd64"/>
    <property name="sun.jnu.encoding" value="GBK"/>
    <property name="java.class.path" value="D:\document\learn\k8s\springboot-demo\target\test-classes;D:\document\learn\k8s\springboot-demo\target\classes;D:\document\maven\localstore\org\springframework\boot\spring-boot-starter-web\2.2.0.RELEASE\spring-boot-starter-web-2.2.0.RELEASE.jar;D:\document\maven\localstore\org\springframework\boot\spring-boot-starter\2.2.0.RELEASE\spring-boot-starter-2.2.0.RELEASE.jar;D:\document\maven\localstore\org\springframework\boot\spring-boot\2.2.0.RELEASE\spring-boot-2.2.0.RELEASE.jar;D:\document\maven\localstore\org\springframework\boot\spring-boot-autoconfigure\2.2.0.RELEASE\spring-boot-autoconfigure-2.2.0.RELEASE.jar;D:\document\maven\localstore\org\springframework\boot\spring-boot-starter-logging\2.2.0.RELEASE\spring-boot-starter-logging-2.2.0.RELEASE.jar;D:\document\maven\localstore\ch\qos\logback\logback-classic\1.2.3\logback-classic-1.2.3.jar;D:\document\maven\localstore\ch\qos\logback\logback-core\1.2.3\logback-core-1.2.3.jar;D:\document\maven\localstore\org\apache\logging\log4j\log4j-to-slf4j\2.12.1\log4j-to-slf4j-2.12.1.jar;D:\document\maven\localstore\org\apache\logging\log4j\log4j-api\2.12.1\log4j-api-2.12.1.jar;D:\document\maven\localstore\org\slf4j\jul-to-slf4j\1.7.28\jul-to-slf4j-1.7.28.jar;D:\document\maven\localstore\jakarta\annotation\jakarta.annotation-api\1.3.5\jakarta.annotation-api-1.3.5.jar;D:\document\maven\localstore\org\yaml\snakeyaml\1.25\snakeyaml-1.25.jar;D:\document\maven\localstore\org\springframework\boot\spring-boot-starter-json\2.2.0.RELEASE\spring-boot-starter-json-2.2.0.RELEASE.jar;D:\document\maven\localstore\com\fasterxml\jackson\core\jackson-databind\2.10.0\jackson-databind-2.10.0.jar;D:\document\maven\localstore\com\fasterxml\jackson\core\jackson-annotations\2.10.0\jackson-annotations-2.10.0.jar;D:\document\maven\localstore\com\fasterxml\jackson\core\jackson-core\2.10.0\jackson-core-2.10.0.jar;D:\document\maven\localstore\com\fasterxml\jackson\datatype\jackson-datatype-jdk8\2.10.0\jackson-datatype-jdk8-2.10.0.jar;D:\document\maven\localstore\com\fasterxml\jackson\datatype\jackson-datatype-jsr310\2.10.0\jackson-datatype-jsr310-2.10.0.jar;D:\document\maven\localstore\com\fasterxml\jackson\module\jackson-module-parameter-names\2.10.0\jackson-module-parameter-names-2.10.0.jar;D:\document\maven\localstore\org\springframework\boot\spring-boot-starter-tomcat\2.2.0.RELEASE\spring-boot-starter-tomcat-2.2.0.RELEASE.jar;D:\document\maven\localstore\org\apache\tomcat\embed\tomcat-embed-core\9.0.27\tomcat-embed-core-9.0.27.jar;D:\document\maven\localstore\org\apache\tomcat\embed\tomcat-embed-el\9.0.27\tomcat-embed-el-9.0.27.jar;D:\document\maven\localstore\org\apache\tomcat\embed\tomcat-embed-websocket\9.0.27\tomcat-embed-websocket-9.0.27.jar;D:\document\maven\localstore\org\springframework\boot\spring-boot-starter-validation\2.2.0.RELEASE\spring-boot-starter-validation-2.2.0.RELEASE.jar;D:\document\maven\localstore\jakarta\validation\jakarta.validation-api\2.0.1\jakarta.validation-api-2.0.1.jar;D:\document\maven\localstore\org\hibernate\validator\hibernate-validator\6.0.17.Final\hibernate-validator-6.0.17.Final.jar;D:\document\maven\localstore\org\jboss\logging\jboss-logging\3.4.1.Final\jboss-logging-3.4.1.Final.jar;D:\document\maven\localstore\com\fasterxml\classmate\1.5.0\classmate-1.5.0.jar;D:\document\maven\localstore\org\springframework\spring-web\5.2.0.RELEASE\spring-web-5.2.0.RELEASE.jar;D:\document\maven\localstore\org\springframework\spring-beans\5.2.0.RELEASE\spring-beans-5.2.0.RELEASE.jar;D:\document\maven\localstore\org\springframework\spring-webmvc\5.2.0.RELEASE\spring-webmvc-5.2.0.RELEASE.jar;D:\document\maven\localstore\org\springframework\spring-aop\5.2.0.RELEASE\spring-aop-5.2.0.RELEASE.jar;D:\document\maven\localstore\org\springframework\spring-context\5.2.0.RELEASE\spring-context-5.2.0.RELEASE.jar;D:\document\maven\localstore\org\springframework\spring-expression\5.2.0.RELEASE\spring-expression-5.2.0.RELEASE.jar;D:\document\maven\localstore\org\springframework\boot\spring-boot-starter-test\2.2.0.RELEASE\spring-boot-starter-test-2.2.0.RELEASE.jar;D:\document\maven\localstore\org\springframework\boot\spring-boot-test\2.2.0.RELEASE\spring-boot-test-2.2.0.RELEASE.jar;D:\document\maven\localstore\org\springframework\boot\spring-boot-test-autoconfigure\2.2.0.RELEASE\spring-boot-test-autoconfigure-2.2.0.RELEASE.jar;D:\document\maven\localstore\com\jayway\jsonpath\json-path\2.4.0\json-path-2.4.0.jar;D:\document\maven\localstore\net\minidev\json-smart\2.3\json-smart-2.3.jar;D:\document\maven\localstore\net\minidev\accessors-smart\1.2\accessors-smart-1.2.jar;D:\document\maven\localstore\org\ow2\asm\asm\5.0.4\asm-5.0.4.jar;D:\document\maven\localstore\org\slf4j\slf4j-api\1.7.28\slf4j-api-1.7.28.jar;D:\document\maven\localstore\jakarta\xml\bind\jakarta.xml.bind-api\2.3.2\jakarta.xml.bind-api-2.3.2.jar;D:\document\maven\localstore\jakarta\activation\jakarta.activation-api\1.2.1\jakarta.activation-api-1.2.1.jar;D:\document\maven\localstore\org\junit\jupiter\junit-jupiter\5.5.2\junit-jupiter-5.5.2.jar;D:\document\maven\localstore\org\junit\jupiter\junit-jupiter-api\5.5.2\junit-jupiter-api-5.5.2.jar;D:\document\maven\localstore\org\apiguardian\apiguardian-api\1.1.0\apiguardian-api-1.1.0.jar;D:\document\maven\localstore\org\opentest4j\opentest4j\1.2.0\opentest4j-1.2.0.jar;D:\document\maven\localstore\org\junit\platform\junit-platform-commons\1.5.2\junit-platform-commons-1.5.2.jar;D:\document\maven\localstore\org\junit\jupiter\junit-jupiter-params\5.5.2\junit-jupiter-params-5.5.2.jar;D:\document\maven\localstore\org\junit\jupiter\junit-jupiter-engine\5.5.2\junit-jupiter-engine-5.5.2.jar;D:\document\maven\localstore\org\junit\platform\junit-platform-engine\1.5.2\junit-platform-engine-1.5.2.jar;D:\document\maven\localstore\org\mockito\mockito-junit-jupiter\3.1.0\mockito-junit-jupiter-3.1.0.jar;D:\document\maven\localstore\org\assertj\assertj-core\3.13.2\assertj-core-3.13.2.jar;D:\document\maven\localstore\org\hamcrest\hamcrest\2.1\hamcrest-2.1.jar;D:\document\maven\localstore\org\mockito\mockito-core\3.1.0\mockito-core-3.1.0.jar;D:\document\maven\localstore\net\bytebuddy\byte-buddy\1.10.1\byte-buddy-1.10.1.jar;D:\document\maven\localstore\net\bytebuddy\byte-buddy-agent\1.10.1\byte-buddy-agent-1.10.1.jar;D:\document\maven\localstore\org\objenesis\objenesis\2.6\objenesis-2.6.jar;D:\document\maven\localstore\org\skyscreamer\jsonassert\1.5.0\jsonassert-1.5.0.jar;D:\document\maven\localstore\com\vaadin\external\google\android-json\0.0.20131108.vaadin1\android-json-0.0.20131108.vaadin1.jar;D:\document\maven\localstore\org\springframework\spring-core\5.2.0.RELEASE\spring-core-5.2.0.RELEASE.jar;D:\document\maven\localstore\org\springframework\spring-jcl\5.2.0.RELEASE\spring-jcl-5.2.0.RELEASE.jar;D:\document\maven\localstore\org\springframework\spring-test\5.2.0.RELEASE\spring-test-5.2.0.RELEASE.jar;D:\document\maven\localstore\org\xmlunit\xmlunit-core\2.6.3\xmlunit-core-2.6.3.jar;"/>
    <property name="java.vm.vendor" value="JetBrains s.r.o."/>
    <property name="sun.arch.data.model" value="64"/>
    <property name="user.variant" value=""/>
    <property name="java.vendor.url" value="https://openjdk.java.net/"/>
    <property name="user.timezone" value="Asia/Shanghai"/>
    <property name="java.vm.specification.version" value="11"/>
    <property name="os.name" value="Windows 10"/>
    <property name="sun.java.launcher" value="SUN_STANDARD"/>
    <property name="user.country" value="CN"/>
    <property name="sun.boot.library.path" value="D:\Program Files\JetBrains\IntelliJ IDEA 2020.2.1\jbr\bin"/>
    <property name="sun.java.command" value="C:\Users\86182\AppData\Local\Temp\surefire6878529972626161847\surefirebooter391512692666189168.jar C:\Users\86182\AppData\Local\Temp\surefire6878529972626161847 2022-03-07T10-14-15_824-jvmRun1 surefire13210933881234422092tmp surefire_016186694154835113785tmp"/>
    <property name="jdk.debug" value="release"/>
    <property name="surefire.test.class.path" value="D:\document\learn\k8s\springboot-demo\target\test-classes;D:\document\learn\k8s\springboot-demo\target\classes;D:\document\maven\localstore\org\springframework\boot\spring-boot-starter-web\2.2.0.RELEASE\spring-boot-starter-web-2.2.0.RELEASE.jar;D:\document\maven\localstore\org\springframework\boot\spring-boot-starter\2.2.0.RELEASE\spring-boot-starter-2.2.0.RELEASE.jar;D:\document\maven\localstore\org\springframework\boot\spring-boot\2.2.0.RELEASE\spring-boot-2.2.0.RELEASE.jar;D:\document\maven\localstore\org\springframework\boot\spring-boot-autoconfigure\2.2.0.RELEASE\spring-boot-autoconfigure-2.2.0.RELEASE.jar;D:\document\maven\localstore\org\springframework\boot\spring-boot-starter-logging\2.2.0.RELEASE\spring-boot-starter-logging-2.2.0.RELEASE.jar;D:\document\maven\localstore\ch\qos\logback\logback-classic\1.2.3\logback-classic-1.2.3.jar;D:\document\maven\localstore\ch\qos\logback\logback-core\1.2.3\logback-core-1.2.3.jar;D:\document\maven\localstore\org\apache\logging\log4j\log4j-to-slf4j\2.12.1\log4j-to-slf4j-2.12.1.jar;D:\document\maven\localstore\org\apache\logging\log4j\log4j-api\2.12.1\log4j-api-2.12.1.jar;D:\document\maven\localstore\org\slf4j\jul-to-slf4j\1.7.28\jul-to-slf4j-1.7.28.jar;D:\document\maven\localstore\jakarta\annotation\jakarta.annotation-api\1.3.5\jakarta.annotation-api-1.3.5.jar;D:\document\maven\localstore\org\yaml\snakeyaml\1.25\snakeyaml-1.25.jar;D:\document\maven\localstore\org\springframework\boot\spring-boot-starter-json\2.2.0.RELEASE\spring-boot-starter-json-2.2.0.RELEASE.jar;D:\document\maven\localstore\com\fasterxml\jackson\core\jackson-databind\2.10.0\jackson-databind-2.10.0.jar;D:\document\maven\localstore\com\fasterxml\jackson\core\jackson-annotations\2.10.0\jackson-annotations-2.10.0.jar;D:\document\maven\localstore\com\fasterxml\jackson\core\jackson-core\2.10.0\jackson-core-2.10.0.jar;D:\document\maven\localstore\com\fasterxml\jackson\datatype\jackson-datatype-jdk8\2.10.0\jackson-datatype-jdk8-2.10.0.jar;D:\document\maven\localstore\com\fasterxml\jackson\datatype\jackson-datatype-jsr310\2.10.0\jackson-datatype-jsr310-2.10.0.jar;D:\document\maven\localstore\com\fasterxml\jackson\module\jackson-module-parameter-names\2.10.0\jackson-module-parameter-names-2.10.0.jar;D:\document\maven\localstore\org\springframework\boot\spring-boot-starter-tomcat\2.2.0.RELEASE\spring-boot-starter-tomcat-2.2.0.RELEASE.jar;D:\document\maven\localstore\org\apache\tomcat\embed\tomcat-embed-core\9.0.27\tomcat-embed-core-9.0.27.jar;D:\document\maven\localstore\org\apache\tomcat\embed\tomcat-embed-el\9.0.27\tomcat-embed-el-9.0.27.jar;D:\document\maven\localstore\org\apache\tomcat\embed\tomcat-embed-websocket\9.0.27\tomcat-embed-websocket-9.0.27.jar;D:\document\maven\localstore\org\springframework\boot\spring-boot-starter-validation\2.2.0.RELEASE\spring-boot-starter-validation-2.2.0.RELEASE.jar;D:\document\maven\localstore\jakarta\validation\jakarta.validation-api\2.0.1\jakarta.validation-api-2.0.1.jar;D:\document\maven\localstore\org\hibernate\validator\hibernate-validator\6.0.17.Final\hibernate-validator-6.0.17.Final.jar;D:\document\maven\localstore\org\jboss\logging\jboss-logging\3.4.1.Final\jboss-logging-3.4.1.Final.jar;D:\document\maven\localstore\com\fasterxml\classmate\1.5.0\classmate-1.5.0.jar;D:\document\maven\localstore\org\springframework\spring-web\5.2.0.RELEASE\spring-web-5.2.0.RELEASE.jar;D:\document\maven\localstore\org\springframework\spring-beans\5.2.0.RELEASE\spring-beans-5.2.0.RELEASE.jar;D:\document\maven\localstore\org\springframework\spring-webmvc\5.2.0.RELEASE\spring-webmvc-5.2.0.RELEASE.jar;D:\document\maven\localstore\org\springframework\spring-aop\5.2.0.RELEASE\spring-aop-5.2.0.RELEASE.jar;D:\document\maven\localstore\org\springframework\spring-context\5.2.0.RELEASE\spring-context-5.2.0.RELEASE.jar;D:\document\maven\localstore\org\springframework\spring-expression\5.2.0.RELEASE\spring-expression-5.2.0.RELEASE.jar;D:\document\maven\localstore\org\springframework\boot\spring-boot-starter-test\2.2.0.RELEASE\spring-boot-starter-test-2.2.0.RELEASE.jar;D:\document\maven\localstore\org\springframework\boot\spring-boot-test\2.2.0.RELEASE\spring-boot-test-2.2.0.RELEASE.jar;D:\document\maven\localstore\org\springframework\boot\spring-boot-test-autoconfigure\2.2.0.RELEASE\spring-boot-test-autoconfigure-2.2.0.RELEASE.jar;D:\document\maven\localstore\com\jayway\jsonpath\json-path\2.4.0\json-path-2.4.0.jar;D:\document\maven\localstore\net\minidev\json-smart\2.3\json-smart-2.3.jar;D:\document\maven\localstore\net\minidev\accessors-smart\1.2\accessors-smart-1.2.jar;D:\document\maven\localstore\org\ow2\asm\asm\5.0.4\asm-5.0.4.jar;D:\document\maven\localstore\org\slf4j\slf4j-api\1.7.28\slf4j-api-1.7.28.jar;D:\document\maven\localstore\jakarta\xml\bind\jakarta.xml.bind-api\2.3.2\jakarta.xml.bind-api-2.3.2.jar;D:\document\maven\localstore\jakarta\activation\jakarta.activation-api\1.2.1\jakarta.activation-api-1.2.1.jar;D:\document\maven\localstore\org\junit\jupiter\junit-jupiter\5.5.2\junit-jupiter-5.5.2.jar;D:\document\maven\localstore\org\junit\jupiter\junit-jupiter-api\5.5.2\junit-jupiter-api-5.5.2.jar;D:\document\maven\localstore\org\apiguardian\apiguardian-api\1.1.0\apiguardian-api-1.1.0.jar;D:\document\maven\localstore\org\opentest4j\opentest4j\1.2.0\opentest4j-1.2.0.jar;D:\document\maven\localstore\org\junit\platform\junit-platform-commons\1.5.2\junit-platform-commons-1.5.2.jar;D:\document\maven\localstore\org\junit\jupiter\junit-jupiter-params\5.5.2\junit-jupiter-params-5.5.2.jar;D:\document\maven\localstore\org\junit\jupiter\junit-jupiter-engine\5.5.2\junit-jupiter-engine-5.5.2.jar;D:\document\maven\localstore\org\junit\platform\junit-platform-engine\1.5.2\junit-platform-engine-1.5.2.jar;D:\document\maven\localstore\org\mockito\mockito-junit-jupiter\3.1.0\mockito-junit-jupiter-3.1.0.jar;D:\document\maven\localstore\org\assertj\assertj-core\3.13.2\assertj-core-3.13.2.jar;D:\document\maven\localstore\org\hamcrest\hamcrest\2.1\hamcrest-2.1.jar;D:\document\maven\localstore\org\mockito\mockito-core\3.1.0\mockito-core-3.1.0.jar;D:\document\maven\localstore\net\bytebuddy\byte-buddy\1.10.1\byte-buddy-1.10.1.jar;D:\document\maven\localstore\net\bytebuddy\byte-buddy-agent\1.10.1\byte-buddy-agent-1.10.1.jar;D:\document\maven\localstore\org\objenesis\objenesis\2.6\objenesis-2.6.jar;D:\document\maven\localstore\org\skyscreamer\jsonassert\1.5.0\jsonassert-1.5.0.jar;D:\document\maven\localstore\com\vaadin\external\google\android-json\0.0.20131108.vaadin1\android-json-0.0.20131108.vaadin1.jar;D:\document\maven\localstore\org\springframework\spring-core\5.2.0.RELEASE\spring-core-5.2.0.RELEASE.jar;D:\document\maven\localstore\org\springframework\spring-jcl\5.2.0.RELEASE\spring-jcl-5.2.0.RELEASE.jar;D:\document\maven\localstore\org\springframework\spring-test\5.2.0.RELEASE\spring-test-5.2.0.RELEASE.jar;D:\document\maven\localstore\org\xmlunit\xmlunit-core\2.6.3\xmlunit-core-2.6.3.jar;"/>
    <property name="sun.cpu.endian" value="little"/>
    <property name="user.home" value="C:\Users\86182"/>
    <property name="user.language" value="zh"/>
    <property name="java.specification.vendor" value="Oracle Corporation"/>
    <property name="java.version.date" value="2020-07-14"/>
    <property name="java.home" value="D:\Program Files\JetBrains\IntelliJ IDEA 2020.2.1\jbr"/>
    <property name="file.separator" value="\"/>
    <property name="basedir" value="D:\document\learn\k8s\springboot-demo"/>
    <property name="java.vm.compressedOopsMode" value="Zero based"/>
    <property name="line.separator" value="&#10;"/>
    <property name="java.specification.name" value="Java Platform API Specification"/>
    <property name="java.vm.specification.vendor" value="Oracle Corporation"/>
    <property name="java.awt.graphicsenv" value="sun.awt.Win32GraphicsEnvironment"/>
    <property name="surefire.real.class.path" value="C:\Users\86182\AppData\Local\Temp\surefire6878529972626161847\surefirebooter391512692666189168.jar"/>
    <property name="user.script" value=""/>
    <property name="sun.management.compiler" value="HotSpot 64-Bit Tiered Compilers"/>
    <property name="java.runtime.version" value="11.0.8+10-b944.31"/>
    <property name="user.name" value="86182"/>
    <property name="path.separator" value=";"/>
    <property name="os.version" value="10.0"/>
    <property name="java.runtime.name" value="OpenJDK Runtime Environment"/>
    <property name="file.encoding" value="GBK"/>
    <property name="java.vm.name" value="OpenJDK 64-Bit Server VM"/>
    <property name="java.vendor.version" value="JBR-11.0.8.10-944.31-jcef"/>
    <property name="localRepository" value="D:\document\maven\localstore"/>
    <property name="java.vendor.url.bug" value="https://bugreport.java.com/bugreport/"/>
    <property name="java.io.tmpdir" value="C:\Users\86182\AppData\Local\Temp\"/>
    <property name="idea.version" value="2020.2.1"/>
    <property name="java.version" value="11.0.8"/>
    <property name="user.dir" value="D:\document\learn\k8s\springboot-demo"/>
    <property name="os.arch" value="amd64"/>
    <property name="java.vm.specification.name" value="Java Virtual Machine Specification"/>
    <property name="java.awt.printerjob" value="sun.awt.windows.WPrinterJob"/>
    <property name="sun.os.patch.level" value=""/>
    <property name="java.library.path" value="D:\Program Files\JetBrains\IntelliJ IDEA 2020.2.1\jbr\bin;C:\Windows\Sun\Java\bin;C:\Windows\system32;C:\Windows;D:\Program Files (x86)\VMware\VMware Workstation\bin\;C:\Program Files (x86)\Common Files\NetSarang;C:\Windows\system32;C:\Windows;C:\Windows\System32\Wbem;C:\Windows\System32\WindowsPowerShell\v1.0\;C:\Windows\System32\OpenSSH\;D:\Program Files\TortoiseSVN\bin;D:\soft\new\erlang\erl-24.0\bin;D:\soft\new\rabbitmq\rabbitmq_server-3.8.16\sbin;D:\soft\new\rabbitmq\rabbitmq_server-3.8.16\ebin;D:\soft\new\apache-maven-3.5.2\bin;D:\Program Files\Java\jdk1.8.0_111\bin;D:\Program Files\Java\jdk1.8.0_111\jre\bin;D:\Program Files\Git\cmd;D:\soft\new\gradle-5.0-bin\gradle-5.0\bin;D:\Program Files\nodejs\;&quot;D:\soft\new\apache-jmeter-5.4.2\lib\ext\ApacheJMeter_core.jar;D:\soft\new\apache-jmeter-5.4.2\lib\jorphan.jar;D:\soft\new\apache-jmeter-5.4.2\lib\logkit-2.0.jar;&quot;;C:\Users\86182\AppData\Local\Microsoft\WindowsApps;D:\Program Files\Bandizip\;C:\Users\86182\AppData\Roaming\npm;."/>
    <property name="java.vm.info" value="mixed mode"/>
    <property name="java.vendor" value="JetBrains s.r.o."/>
    <property name="java.vm.version" value="11.0.8+10-b944.31"/>
    <property name="sun.io.unicode.encoding" value="UnicodeLittle"/>
    <property name="maven.repo.local" value="D:\document\maven\localstore"/>
    <property name="java.class.version" value="55.0"/>
  </properties>
  <testcase name="contextLoads" classname="com.gupao.springbootdemo.SpringbootDemoApplicationTests" time="0.362"/>
</testsuite>